<?xml version="1.0" encoding="UTF-8"?>
<testng-results skipped="0" failed="0" ignored="0" total="1" passed="1">
  <reporter-output>
  </reporter-output>
  <suite name="Default suite" duration-ms="21929" started-at="2018-07-27T06:49:31Z" finished-at="2018-07-27T06:49:53Z">
    <groups>
    </groups>
    <test name="Default test" duration-ms="21929" started-at="2018-07-27T06:49:31Z" finished-at="2018-07-27T06:49:53Z">
      <class name="com.tests.java8">
        <test-method status="PASS" signature="testLogin()[pri:0, instance:com.tests.java8@29774679]" name="testLogin" duration-ms="21881" started-at="2018-07-27T06:49:31Z" finished-at="2018-07-27T06:49:53Z">
          <reporter-output>
          </reporter-output>
        </test-method> <!-- testLogin -->
      </class> <!-- com.tests.java8 -->
    </test> <!-- Default test -->
  </suite> <!-- Default suite -->
</testng-results>
